TN:
SF:/Users/alexbalta/Developer/School/Object-Oriented-Programing/lab2/src/console.c
FN:18,31,uiPrintParticipants
FN:3,6,uiInnit
FN:33,49,uiAddParticipant
FN:51,62,uiDeleteParticipant
FN:64,79,uiUpdateParticipant
FN:8,16,printMenu
FN:81,111,consoleRun
FNDA:0,uiPrintParticipants
FNDA:0,uiInnit
FNDA:0,uiAddParticipant
FNDA:0,uiDeleteParticipant
FNDA:0,uiUpdateParticipant
FNDA:0,printMenu
FNDA:0,consoleRun
FNF:7
FNH:0
DA:3,0
DA:4,0
DA:5,0
DA:6,0
DA:8,0
DA:9,0
DA:10,0
DA:11,0
DA:12,0
DA:13,0
DA:14,0
DA:15,0
DA:16,0
DA:18,0
DA:19,0
DA:21,0
DA:22,0
DA:23,0
DA:26,0
DA:28,0
DA:29,0
DA:30,0
DA:31,0
DA:33,0
DA:37,0
DA:38,0
DA:40,0
DA:41,0
DA:43,0
DA:44,0
DA:46,0
DA:48,0
DA:49,0
DA:51,0
DA:54,0
DA:55,0
DA:57,0
DA:58,0
DA:60,0
DA:61,0
DA:62,0
DA:64,0
DA:68,0
DA:69,0
DA:71,0
DA:72,0
DA:74,0
DA:75,0
DA:77,0
DA:78,0
DA:79,0
DA:81,0
DA:82,0
DA:84,0
DA:86,0
DA:87,0
DA:89,0
DA:91,0
DA:92,0
DA:94,0
DA:95,0
DA:97,0
DA:98,0
DA:100,0
DA:101,0
DA:103,0
DA:104,0
DA:106,0
DA:107,0
DA:110,0
DA:111,0
LF:71
LH:0
end_of_record
TN:
SF:/Users/alexbalta/Developer/School/Object-Oriented-Programing/lab2/src/entity.c
FN:13,16,printParticipant
FN:18,18,getFirstName
FN:20,20,getLastName
FN:22,22,getScore
FN:24,26,setScore
FN:3,10,createParticipant
FNDA:0,printParticipant
FNDA:9,getFirstName
FNDA:8,getLastName
FNDA:5,getScore
FNDA:1,setScore
FNDA:3,createParticipant
FNF:6
FNH:5
DA:3,3
DA:6,3
DA:7,3
DA:8,3
DA:10,3
DA:13,0
DA:14,0
DA:15,0
DA:16,0
DA:18,9
DA:20,8
DA:22,5
DA:24,1
DA:25,1
DA:26,1
LF:15
LH:11
end_of_record
TN:
SF:/Users/alexbalta/Developer/School/Object-Oriented-Programing/lab2/src/main.c
FN:6,9,main
FNDA:1,main
FNF:1
FNH:1
DA:6,1
DA:7,1
DA:9,1
LF:3
LH:3
end_of_record
TN:
SF:/Users/alexbalta/Developer/School/Object-Oriented-Programing/lab2/src/repository.c
FN:11,14,addParticipant
FN:16,23,findIndex
FN:25,39,deleteParticipant
FN:3,6,createList
FN:41,52,updateParticipant
FN:9,9,getLen
FNDA:2,addParticipant
FNDA:3,findIndex
FNDA:1,deleteParticipant
FNDA:1,createList
FNDA:1,updateParticipant
FNDA:0,getLen
FNF:6
FNH:5
DA:3,1
DA:5,1
DA:6,1
DA:9,0
DA:11,2
DA:12,2
DA:13,2
DA:14,2
DA:16,3
DA:17,4
DA:18,4
DA:19,3
DA:20,3
DA:21,1
DA:22,0
DA:23,3
DA:25,1
DA:26,1
DA:28,1
DA:29,0
DA:30,0
DA:33,3
DA:34,2
DA:35,2
DA:37,1
DA:38,1
DA:39,1
DA:41,1
DA:43,1
DA:45,1
DA:46,0
DA:47,0
DA:50,1
DA:51,1
DA:52,1
LF:35
LH:29
end_of_record
TN:
SF:/Users/alexbalta/Developer/School/Object-Oriented-Programing/lab2/src/service.c
FN:18,25,managerDeleteParticipant
FN:27,35,managerUpdateParticipant
FN:3,3,managerInnit
FN:5,5,managerGetAll
FN:7,16,managerAddParticipant
FNDA:0,managerDeleteParticipant
FNDA:0,managerUpdateParticipant
FNDA:0,managerInnit
FNDA:0,managerGetAll
FNDA:0,managerAddParticipant
FNF:5
FNH:0
DA:3,0
DA:5,0
DA:7,0
DA:8,0
DA:9,0
DA:10,0
DA:11,0
DA:14,0
DA:15,0
DA:16,0
DA:18,0
DA:19,0
DA:20,0
DA:21,0
DA:24,0
DA:25,0
DA:27,0
DA:28,0
DA:29,0
DA:30,0
DA:31,0
DA:34,0
DA:35,0
LF:23
LH:0
end_of_record
TN:
SF:/Users/alexbalta/Developer/School/Object-Oriented-Programing/lab2/src/tests.c
FN:15,62,repoTests
FN:3,13,entityTests
FN:64,68,runTests
FNDA:1,repoTests
FNDA:1,entityTests
FNDA:1,runTests
FNF:3
FNH:3
DA:3,1
DA:4,1
DA:5,1
DA:6,1
DA:8,1
DA:10,1
DA:11,1
DA:12,1
DA:13,1
DA:15,1
DA:16,1
DA:17,1
DA:18,1
DA:20,1
DA:21,1
DA:22,1
DA:24,1
DA:25,1
DA:27,1
DA:30,1
DA:31,1
DA:33,1
DA:35,1
DA:36,1
DA:37,1
DA:39,1
DA:40,1
DA:41,1
DA:44,1
DA:45,1
DA:48,1
DA:49,1
DA:51,1
DA:52,1
DA:53,1
DA:56,1
DA:57,1
DA:59,1
DA:60,1
DA:61,1
DA:62,1
DA:64,1
DA:65,1
DA:66,1
DA:67,1
DA:68,1
LF:46
LH:46
end_of_record
TN:
SF:/Users/alexbalta/Developer/School/Object-Oriented-Programing/lab2/src/validator.c
FN:6,6,isValidScore
FN:8,13,isValidName
FNDA:0,isValidScore
FNDA:0,isValidName
FNF:2
FNH:0
DA:6,0
DA:8,0
DA:9,0
DA:10,0
DA:12,0
DA:13,0
LF:6
LH:0
end_of_record
